<?xml version="1.0" encoding="UTF-8"?>
<!-- Generated by org.testng.reporters.JUnitReportReporter -->
<testsuite hostname="DESKTOP-1696VV5" failures="0" tests="1" name="ui.test.GoogleCloudSearchResultsTest" time="11.142" errors="0" timestamp="2024-02-14T12:56:24 MSK" skipped="0">
  <testcase classname="ui.test.GoogleCloudSearchResultsTest" name="searchResultsNotEmpty" time="11.142"/>
  <system-out/>
</testsuite> <!-- ui.test.GoogleCloudSearchResultsTest -->
